[kimseang715-Bột3] 🆕 Start new log session
[kimseang715-Bột3] ⏳ Đang chạy...
[kimseang715-Bột3] 🧠 Giá trị của biến 'variables': {}
[kimseang715-Bột3] → ❌ open_url  => Message: invalid session id: session deleted as the browser has closed the connection
from disconnected: Unable to receive message from renderer
  (Session info: chrome=136.0.7103.49)
Stacktrace:
	GetHandleVerifier [0x00007FF7C5BB1F55+78133]
	GetHandleVerifier [0x00007FF7C5BB1FB0+78224]
	(No symbol) [0x00007FF7C59791BA]
	(No symbol) [0x00007FF7C59665DC]
	(No symbol) [0x00007FF7C59662CA]
	(No symbol) [0x00007FF7C596512E]
	(No symbol) [0x00007FF7C5989101]
	(No symbol) [0x00007FF7C5A1F5B5]
	(No symbol) [0x00007FF7C59F6F33]
	(No symbol) [0x00007FF7C59C0358]
	(No symbol) [0x00007FF7C59C10C3]
	GetHandleVerifier [0x00007FF7C5E7BA8D+3001453]
	GetHandleVerifier [0x00007FF7C5E75E72+2977874]
	GetHandleVerifier [0x00007FF7C5E9497D+3103581]
	GetHandleVerifier [0x00007FF7C5BCC7EA+186826]
	GetHandleVerifier [0x00007FF7C5BD43FF+218591]
	GetHandleVerifier [0x00007FF7C5BB9D94+110452]
	GetHandleVerifier [0x00007FF7C5BB9F42+110882]
	GetHandleVerifier [0x00007FF7C5BA0379+5465]
	BaseThreadInitThunk [0x00007FFBCEBC7374+20]
	RtlUserThreadStart [0x00007FFBCFFDCC91+33]

[kimseang715-Bột3] ⛔ Đã nhấn STOP – dừng script ngay lập tức.
