[miicasa2002-Bột114] 🆕 Start new log session
[miicasa2002-Bột114] ⏳ Đang chạy...
[miicasa2002-Bột114] [miicasa2002-Bột114] 🧮 Tìm thấy 3 dòng có dữ liệu hợp lệ.
[miicasa2002-Bột114] → OPEN URL - https://mail.google.com/
[miicasa2002-Bột114] → ELEMENT TỒN TẠI => //input[@name='q']
[miicasa2002-Bột114] ❌ eval_script lỗi: Message: javascript error: Failed to set the 'innerHTML' property on 'Element': This document requires 'TrustedHTML' assignment.
  (Session info: chrome=136.0.7103.49)
Stacktrace:
	GetHandleVerifier [0x00007FF7C5BB1F55+78133]
	GetHandleVerifier [0x00007FF7C5BB1FB0+78224]
	(No symbol) [0x00007FF7C59791BA]
	(No symbol) [0x00007FF7C5980ADC]
	(No symbol) [0x00007FF7C5983E81]
	(No symbol) [0x00007FF7C5A2041B]
	(No symbol) [0x00007FF7C59F715A]
	(No symbol) [0x00007FF7C5A1F21F]
	(No symbol) [0x00007FF7C59F6F33]
	(No symbol) [0x00007FF7C59C0358]
	(No symbol) [0x00007FF7C59C10C3]
	GetHandleVerifier [0x00007FF7C5E7BA8D+3001453]
	GetHandleVerifier [0x00007FF7C5E75E72+2977874]
	GetHandleVerifier [0x00007FF7C5E9497D+3103581]
	GetHandleVerifier [0x00007FF7C5BCC7EA+186826]
	GetHandleVerifier [0x00007FF7C5BD43FF+218591]
	GetHandleVerifier [0x00007FF7C5BB9D94+110452]
	GetHandleVerifier [0x00007FF7C5BB9F42+110882]
	GetHandleVerifier [0x00007FF7C5BA0379+5465]
	BaseThreadInitThunk [0x00007FFBCEBC7374+20]
	RtlUserThreadStart [0x00007FFBCFFDCC91+33]

[miicasa2002-Bột114] 🕒 WAIT 5 giây
[miicasa2002-Bột114] → OPEN URL - https://mail.google.com/
[miicasa2002-Bột114] → ELEMENT TỒN TẠI => //input[@name='q']
[miicasa2002-Bột114] ❌ eval_script lỗi: Message: javascript error: Failed to set the 'innerHTML' property on 'Element': This document requires 'TrustedHTML' assignment.
  (Session info: chrome=136.0.7103.49)
Stacktrace:
	GetHandleVerifier [0x00007FF7C5BB1F55+78133]
	GetHandleVerifier [0x00007FF7C5BB1FB0+78224]
	(No symbol) [0x00007FF7C59791BA]
	(No symbol) [0x00007FF7C5980ADC]
	(No symbol) [0x00007FF7C5983E81]
	(No symbol) [0x00007FF7C5A2041B]
	(No symbol) [0x00007FF7C59F715A]
	(No symbol) [0x00007FF7C5A1F21F]
	(No symbol) [0x00007FF7C59F6F33]
	(No symbol) [0x00007FF7C59C0358]
	(No symbol) [0x00007FF7C59C10C3]
	GetHandleVerifier [0x00007FF7C5E7BA8D+3001453]
	GetHandleVerifier [0x00007FF7C5E75E72+2977874]
	GetHandleVerifier [0x00007FF7C5E9497D+3103581]
	GetHandleVerifier [0x00007FF7C5BCC7EA+186826]
	GetHandleVerifier [0x00007FF7C5BD43FF+218591]
	GetHandleVerifier [0x00007FF7C5BB9D94+110452]
	GetHandleVerifier [0x00007FF7C5BB9F42+110882]
	GetHandleVerifier [0x00007FF7C5BA0379+5465]
	BaseThreadInitThunk [0x00007FFBCEBC7374+20]
	RtlUserThreadStart [0x00007FFBCFFDCC91+33]

[miicasa2002-Bột114] 🕒 WAIT 5 giây
[miicasa2002-Bột114] → OPEN URL - https://mail.google.com/
[miicasa2002-Bột114] → ELEMENT TỒN TẠI => //input[@name='q']
[miicasa2002-Bột114] ❌ eval_script lỗi: Message: javascript error: Failed to set the 'innerHTML' property on 'Element': This document requires 'TrustedHTML' assignment.
  (Session info: chrome=136.0.7103.49)
Stacktrace:
	GetHandleVerifier [0x00007FF7C5BB1F55+78133]
	GetHandleVerifier [0x00007FF7C5BB1FB0+78224]
	(No symbol) [0x00007FF7C59791BA]
	(No symbol) [0x00007FF7C5980ADC]
	(No symbol) [0x00007FF7C5983E81]
	(No symbol) [0x00007FF7C5A2041B]
	(No symbol) [0x00007FF7C59F715A]
	(No symbol) [0x00007FF7C5A1F21F]
	(No symbol) [0x00007FF7C59F6F33]
	(No symbol) [0x00007FF7C59C0358]
	(No symbol) [0x00007FF7C59C10C3]
	GetHandleVerifier [0x00007FF7C5E7BA8D+3001453]
	GetHandleVerifier [0x00007FF7C5E75E72+2977874]
	GetHandleVerifier [0x00007FF7C5E9497D+3103581]
	GetHandleVerifier [0x00007FF7C5BCC7EA+186826]
	GetHandleVerifier [0x00007FF7C5BD43FF+218591]
	GetHandleVerifier [0x00007FF7C5BB9D94+110452]
	GetHandleVerifier [0x00007FF7C5BB9F42+110882]
	GetHandleVerifier [0x00007FF7C5BA0379+5465]
	BaseThreadInitThunk [0x00007FFBCEBC7374+20]
	RtlUserThreadStart [0x00007FFBCFFDCC91+33]

[miicasa2002-Bột114] 🕒 WAIT 5 giây
