[P-20250529-0003] 🆕 Start new log session
[P-20250529-0003] ⏳ Đang chạy...
[P-20250529-0003] ❌ Không mở được trình duyệt: Message: session not created: cannot connect to chrome at 127.0.0.1:51708
from session not created: This version of ChromeDriver only supports Chrome version 135
Current browser version is 134.0.6998.89
Stacktrace:
	GetHandleVerifier [0x00007FF7C5BB1F55+78133]
	GetHandleVerifier [0x00007FF7C5BB1FB0+78224]
	(No symbol) [0x00007FF7C59791BA]
	(No symbol) [0x00007FF7C59BD12F]
	(No symbol) [0x00007FF7C59BC17B]
	(No symbol) [0x00007FF7C59B10EE]
	(No symbol) [0x00007FF7C5A05108]
	(No symbol) [0x00007FF7C5A046E0]
	(No symbol) [0x00007FF7C59F6F33]
	(No symbol) [0x00007FF7C59C0358]
	(No symbol) [0x00007FF7C59C10C3]
	GetHandleVerifier [0x00007FF7C5E7BA8D+3001453]
	GetHandleVerifier [0x00007FF7C5E75E72+2977874]
	GetHandleVerifier [0x00007FF7C5E9497D+3103581]
	GetHandleVerifier [0x00007FF7C5BCC7EA+186826]
	GetHandleVerifier [0x00007FF7C5BD43FF+218591]
	GetHandleVerifier [0x00007FF7C5BB9D94+110452]
	GetHandleVerifier [0x00007FF7C5BB9F42+110882]
	GetHandleVerifier [0x00007FF7C5BA0379+5465]
	BaseThreadInitThunk [0x00007FFBCEBC7374+20]
	RtlUserThreadStart [0x00007FFBCFFDCC91+33]

